Summary of SPARK analysis
=========================

-----------------------------------------------------------------------------------------------------
SPARK Analysis results        Total      Flow   Interval   CodePeer   Provers   Justified    Unproved
-----------------------------------------------------------------------------------------------------
Data Dependencies                 .         .          .          .         .           .           .
Flow Dependencies                 1         .          .          .         .           .           1
Initialization                    .         .          .          .         .           .           .
Non-Aliasing                      .         .          .          .         .           .           .
Run-time Checks                   .         .          .          .         .           .           .
Assertions                        .         .          .          .         .           .           .
Functional Contracts              .         .          .          .         .           .           .
LSP Verification                  .         .          .          .         .           .           .
-----------------------------------------------------------------------------------------------------
Total                             1         .          .          .         .           .    1 (100%)


max steps used for successful proof: 0

Analyzed 1 unit
in unit increm, 4 subprograms and packages out of 4 analyzed
  increm at increm.ads:1 flow analyzed (0 errors, 0 checks and 0 warnings)
  increm.P1 at increm.ads:16 flow analyzed (0 errors, 1 checks and 0 warnings)
  increm.bad_incr at increm.ads:5 flow analyzed (0 errors, 0 checks and 0 warnings)
  increm.bad_proc at increm.ads:10 flow analyzed (0 errors, 0 checks and 0 warnings)
